avr-gcc -c -g -Os -w -ffunction-sections -fdata-sections -mmcu=atmega8 -DF_CPU=16000000L -DARDUINO=18 -I/home/suapapa/apps/arduino-0018/hardware/arduino/cores/arduino /home/suapapa/apps/arduino-0018/hardware/arduino/cores/arduino/wiring.c -o/tmp/wiring.c.o 
avr-gcc -c -g -Os -w -ffunction-sections -fdata-sections -mmcu=atmega8 -DF_CPU=16000000L -DARDUINO=18 -I/home/suapapa/apps/arduino-0018/hardware/arduino/cores/arduino /home/suapapa/apps/arduino-0018/hardware/arduino/cores/arduino/pins_arduino.c -o/tmp/pins_arduino.c.o 
avr-gcc -c -g -Os -w -ffunction-sections -fdata-sections -mmcu=atmega8 -DF_CPU=16000000L -DARDUINO=18 -I/home/suapapa/apps/arduino-0018/hardware/arduino/cores/arduino /home/suapapa/apps/arduino-0018/hardware/arduino/cores/arduino/WInterrupts.c -o/tmp/WInterrupts.c.o 
avr-gcc -c -g -Os -w -ffunction-sections -fdata-sections -mmcu=atmega8 -DF_CPU=16000000L -DARDUINO=18 -I/home/suapapa/apps/arduino-0018/hardware/arduino/cores/arduino /home/suapapa/apps/arduino-0018/hardware/arduino/cores/arduino/wiring_analog.c -o/tmp/wiring_analog.c.o 
avr-gcc -c -g -Os -w -ffunction-sections -fdata-sections -mmcu=atmega8 -DF_CPU=16000000L -DARDUINO=18 -I/home/suapapa/apps/arduino-0018/hardware/arduino/cores/arduino /home/suapapa/apps/arduino-0018/hardware/arduino/cores/arduino/wiring_digital.c -o/tmp/wiring_digital.c.o 
avr-gcc -c -g -Os -w -ffunction-sections -fdata-sections -mmcu=atmega8 -DF_CPU=16000000L -DARDUINO=18 -I/home/suapapa/apps/arduino-0018/hardware/arduino/cores/arduino /home/suapapa/apps/arduino-0018/hardware/arduino/cores/arduino/wiring_shift.c -o/tmp/wiring_shift.c.o 
avr-gcc -c -g -Os -w -ffunction-sections -fdata-sections -mmcu=atmega8 -DF_CPU=16000000L -DARDUINO=18 -I/home/suapapa/apps/arduino-0018/hardware/arduino/cores/arduino /home/suapapa/apps/arduino-0018/hardware/arduino/cores/arduino/wiring_pulse.c -o/tmp/wiring_pulse.c.o 
avr-g++ -c -g -Os -w -fno-exceptions -ffunction-sections -fdata-sections -mmcu=atmega8 -DF_CPU=16000000L -DARDUINO=18 -I/home/suapapa/apps/arduino-0018/hardware/arduino/cores/arduino /home/suapapa/apps/arduino-0018/hardware/arduino/cores/arduino/Tone.cpp -o/tmp/Tone.cpp.o 
avr-g++ -c -g -Os -w -fno-exceptions -ffunction-sections -fdata-sections -mmcu=atmega8 -DF_CPU=16000000L -DARDUINO=18 -I/home/suapapa/apps/arduino-0018/hardware/arduino/cores/arduino /home/suapapa/apps/arduino-0018/hardware/arduino/cores/arduino/Print.cpp -o/tmp/Print.cpp.o 
avr-g++ -c -g -Os -w -fno-exceptions -ffunction-sections -fdata-sections -mmcu=atmega8 -DF_CPU=16000000L -DARDUINO=18 -I/home/suapapa/apps/arduino-0018/hardware/arduino/cores/arduino /home/suapapa/apps/arduino-0018/hardware/arduino/cores/arduino/WMath.cpp -o/tmp/WMath.cpp.o 
avr-g++ -c -g -Os -w -fno-exceptions -ffunction-sections -fdata-sections -mmcu=atmega8 -DF_CPU=16000000L -DARDUINO=18 -I/home/suapapa/apps/arduino-0018/hardware/arduino/cores/arduino /home/suapapa/apps/arduino-0018/hardware/arduino/cores/arduino/HardwareSerial.cpp -o/tmp/HardwareSerial.cpp.o 
avr-g++ -c -g -Os -w -fno-exceptions -ffunction-sections -fdata-sections -mmcu=atmega8 -DF_CPU=16000000L -DARDUINO=18 -I/home/suapapa/apps/arduino-0018/hardware/arduino/cores/arduino /home/suapapa/apps/arduino-0018/hardware/arduino/cores/arduino/main.cpp -o/tmp/main.cpp.o 
avr-ar rcs /tmp/core.a /tmp/wiring.c.o 
avr-ar rcs /tmp/core.a /tmp/pins_arduino.c.o 
avr-ar rcs /tmp/core.a /tmp/WInterrupts.c.o 
avr-ar rcs /tmp/core.a /tmp/wiring_analog.c.o 
avr-ar rcs /tmp/core.a /tmp/wiring_digital.c.o 
avr-ar rcs /tmp/core.a /tmp/wiring_shift.c.o 
avr-ar rcs /tmp/core.a /tmp/wiring_pulse.c.o 
avr-ar rcs /tmp/core.a /tmp/Tone.cpp.o 
avr-ar rcs /tmp/core.a /tmp/Print.cpp.o 
avr-ar rcs /tmp/core.a /tmp/WMath.cpp.o 
avr-ar rcs /tmp/core.a /tmp/HardwareSerial.cpp.o 
avr-ar rcs /tmp/core.a /tmp/main.cpp.o 
avr-g++ -c -g -Os -w -fno-exceptions -ffunction-sections -fdata-sections -mmcu=atmega8 -DF_CPU=16000000L -DARDUINO=18 -I/home/suapapa/apps/arduino-0018/hardware/arduino/cores/arduino -I/home/suapapa/apps/arduino-0018/libraries/LiquidCrystal -I/home/suapapa/apps/arduino-0018/libraries/LiquidCrystal/utility /home/suapapa/apps/arduino-0018/libraries/LiquidCrystal/LiquidCrystal.cpp -o/tmp/LiquidCrystal/LiquidCrystal.cpp.o 
avr-g++ -c -g -Os -w -fno-exceptions -ffunction-sections -fdata-sections -mmcu=atmega8 -DF_CPU=16000000L -DARDUINO=18 -I/home/suapapa/apps/arduino-0018/hardware/arduino/cores/arduino -I/home/suapapa/apps/arduino-0018/libraries/LiquidCrystal /tmp/ServMon.cpp -o/tmp/ServMon.cpp.o 
avr-gcc -Os -Wl,--gc-sections -mmcu=atmega8 -o /tmp/ServMon.cpp.elf /tmp/LiquidCrystal/LiquidCrystal.cpp.o /tmp/ServMon.cpp.o /tmp/core.a -L/tmp/ -lm 
avr-objcopy -O ihex -j .eeprom --set-section-flags=.eeprom=alloc,load --no-change-warnings --change-section-lma .eeprom=0 /tmp/ServMon.cpp.elf /tmp/ServMon.cpp.eep 
avr-objcopy -O ihex -R .eeprom /tmp/ServMon.cpp.elf /tmp/ServMon.cpp.hex 
Binary sketch size: 5908 bytes (of a 7168 byte maximum)

